[Thu May 22 21:42:44 CDT 2025]  Task 1 ➜ LIP->FEF (category)

                            < M A T L A B (R) >
                  Copyright 1984-2023 The MathWorks, Inc.
             R2023a Update 3 (9.14.0.2286388) 64-bit (glnxa64)
                                May 25, 2023

 
To get started, type doc.
For product information, visit www.mathworks.com.
 
Starting parallel pool (parpool) using the 'local' profile ...
[Warning: The system time zone setting, 'US/Central', does not specify a single
time zone unambiguously. It will be treated as 'America/Chicago'. See the <a
href="matlab:doc('datetime.TimeZone')">datetime.TimeZone property</a> for
details about specifying time zones.] 
[> In verifyTimeZone (line 38)
In datetime (line 569)
In parallel.internal.cluster.DefaultProperties.getNewJobPropStruct (line 17)
In parallel.internal.types.JobProp>iGetDefaults (line 63)
In parallel.internal.types.JobProp (line 57)
In parallel.internal.cluster/FileStorage/getSortedJobIDsFromDisk
In parallel.internal.cluster/FileStorage/getJobSIds (line 590)
In parallel.internal.cluster/CJSSupport/getJobsForCluster (line 283)
In parallel.internal.cluster.CJSSupport>@(x,y)obj.getJobsForCluster(x,y{1})
(line 72)
In parallel.internal.cluster/CJSSupport/getJobs (line 72)
In parallel.cluster/CJSCluster/getJobs (line 555)
In parallel/Cluster/hGetJobs (line 937)
In parallel.internal.cluster.hetfun (line 54)
In parallel.Cluster/findJob (line 64)
In parallel.internal.pool/AbstractInteractiveClient/findJobsOnCluster (line 31)
In parallel.internal.pool/AbstractInteractiveClient/pRemoveOldJobs (line 206)
In parallel.internal.pool/AbstractInteractiveClient/start (line 104)
In parallel.internal.pool.AbstractClusterPool>iStartClient (line 874)
In parallel.internal.pool.AbstractClusterPool.hBuildPool (line 636)
In parallel.internal.pool.doParpool (line 22)
In parpool (line 118)
In run_fit_combo (line 23)
] 
Connected to parallel pool with 16 workers.
Parallel pool using the 'Processes' profile is shutting down.
